[2026-04-03 19:33:08Z INFO HostContext] No proxy settings were found based on environmental variables (http_proxy/https_proxy/HTTP_PROXY/HTTPS_PROXY)
[2026-04-03 19:33:08Z INFO HostContext] Well known directory 'Bin': 'C:\경희대\opensource\actions-runner\bin'
[2026-04-03 19:33:08Z INFO HostContext] Well known directory 'Root': 'C:\경희대\opensource\actions-runner'
[2026-04-03 19:33:08Z INFO HostContext] Well known config file 'Credentials': 'C:\경희대\opensource\actions-runner\.credentials'
[2026-04-03 19:33:08Z INFO HostContext] Well known directory 'Bin': 'C:\경희대\opensource\actions-runner\bin'
[2026-04-03 19:33:08Z INFO HostContext] Well known directory 'Root': 'C:\경희대\opensource\actions-runner'
[2026-04-03 19:33:08Z INFO HostContext] Well known config file 'Runner': 'C:\경희대\opensource\actions-runner\.runner'
[2026-04-03 19:33:08Z INFO Listener] Runner is built for Windows (X64) - win-x64.
[2026-04-03 19:33:08Z INFO Listener] RuntimeInformation: Microsoft Windows 10.0.19045.
[2026-04-03 19:33:08Z INFO Listener] Version: 2.333.1
[2026-04-03 19:33:08Z INFO Listener] Commit: 6792966801e8925346735b68c03bf9f347af4646
[2026-04-03 19:33:08Z INFO Listener] Culture: ko-KR
[2026-04-03 19:33:08Z INFO Listener] UI Culture: ko-KR
[2026-04-03 19:33:08Z INFO HostContext] Well known directory 'Bin': 'C:\경희대\opensource\actions-runner\bin'
[2026-04-03 19:33:08Z INFO HostContext] Well known directory 'Root': 'C:\경희대\opensource\actions-runner'
[2026-04-03 19:33:08Z INFO Listener] Validating directory permissions for: 'C:\경희대\opensource\actions-runner'
[2026-04-03 19:33:08Z INFO CommandLineParser] Parse
[2026-04-03 19:33:08Z INFO CommandLineParser] Parsing 5 args
[2026-04-03 19:33:08Z INFO CommandLineParser] parsing argument
[2026-04-03 19:33:08Z INFO CommandLineParser] HasArgs: False
[2026-04-03 19:33:08Z INFO CommandLineParser] Adding Command: configure
[2026-04-03 19:33:08Z INFO CommandLineParser] parsing argument
[2026-04-03 19:33:08Z INFO CommandLineParser] HasArgs: True
[2026-04-03 19:33:08Z INFO CommandLineParser] arg: url
[2026-04-03 19:33:08Z INFO CommandLineParser] parsing argument
[2026-04-03 19:33:08Z INFO CommandLineParser] HasArgs: True
[2026-04-03 19:33:08Z INFO CommandLineParser] Adding option 'url': 'https://github.com/kwak-kwak-2/opensource_docker_project'
[2026-04-03 19:33:08Z INFO CommandLineParser] parsing argument
[2026-04-03 19:33:08Z INFO CommandLineParser] HasArgs: True
[2026-04-03 19:33:08Z INFO CommandLineParser] arg: token
[2026-04-03 19:33:08Z INFO CommandLineParser] parsing argument
[2026-04-03 19:33:08Z INFO CommandLineParser] HasArgs: True
[2026-04-03 19:33:08Z INFO CommandLineParser] Adding option 'token': '***'
[2026-04-03 19:33:08Z INFO Listener] Arguments parsed
[2026-04-03 19:33:08Z INFO Runner] ExecuteCommand
[2026-04-03 19:33:08Z INFO ConfigurationStore] currentAssemblyLocation: C:\경희대\opensource\actions-runner\bin\Runner.Listener.dll
[2026-04-03 19:33:08Z INFO HostContext] Well known directory 'Bin': 'C:\경희대\opensource\actions-runner\bin'
[2026-04-03 19:33:08Z INFO ConfigurationStore] binPath: C:\경희대\opensource\actions-runner\bin
[2026-04-03 19:33:08Z INFO HostContext] Well known directory 'Bin': 'C:\경희대\opensource\actions-runner\bin'
[2026-04-03 19:33:08Z INFO HostContext] Well known directory 'Root': 'C:\경희대\opensource\actions-runner'
[2026-04-03 19:33:08Z INFO ConfigurationStore] RootFolder: C:\경희대\opensource\actions-runner
[2026-04-03 19:33:08Z INFO HostContext] Well known directory 'Bin': 'C:\경희대\opensource\actions-runner\bin'
[2026-04-03 19:33:08Z INFO HostContext] Well known directory 'Root': 'C:\경희대\opensource\actions-runner'
[2026-04-03 19:33:08Z INFO HostContext] Well known config file 'Runner': 'C:\경희대\opensource\actions-runner\.runner'
[2026-04-03 19:33:08Z INFO ConfigurationStore] ConfigFilePath: C:\경희대\opensource\actions-runner\.runner
[2026-04-03 19:33:08Z INFO HostContext] Well known directory 'Bin': 'C:\경희대\opensource\actions-runner\bin'
[2026-04-03 19:33:08Z INFO HostContext] Well known directory 'Root': 'C:\경희대\opensource\actions-runner'
[2026-04-03 19:33:08Z INFO HostContext] Well known config file 'MigratedRunner': 'C:\경희대\opensource\actions-runner\.runner_migrated'
[2026-04-03 19:33:08Z INFO ConfigurationStore] MigratedConfigFilePath: C:\경희대\opensource\actions-runner\.runner_migrated
[2026-04-03 19:33:08Z INFO HostContext] Well known directory 'Bin': 'C:\경희대\opensource\actions-runner\bin'
[2026-04-03 19:33:08Z INFO HostContext] Well known directory 'Root': 'C:\경희대\opensource\actions-runner'
[2026-04-03 19:33:08Z INFO HostContext] Well known config file 'Credentials': 'C:\경희대\opensource\actions-runner\.credentials'
[2026-04-03 19:33:08Z INFO ConfigurationStore] CredFilePath: C:\경희대\opensource\actions-runner\.credentials
[2026-04-03 19:33:08Z INFO HostContext] Well known directory 'Bin': 'C:\경희대\opensource\actions-runner\bin'
[2026-04-03 19:33:08Z INFO HostContext] Well known directory 'Root': 'C:\경희대\opensource\actions-runner'
[2026-04-03 19:33:08Z INFO HostContext] Well known config file 'MigratedCredentials': 'C:\경희대\opensource\actions-runner\.credentials_migrated'
[2026-04-03 19:33:08Z INFO ConfigurationStore] MigratedCredFilePath: C:\경희대\opensource\actions-runner\.credentials_migrated
[2026-04-03 19:33:08Z INFO HostContext] Well known directory 'Bin': 'C:\경희대\opensource\actions-runner\bin'
[2026-04-03 19:33:08Z INFO HostContext] Well known directory 'Root': 'C:\경희대\opensource\actions-runner'
[2026-04-03 19:33:08Z INFO HostContext] Well known config file 'Service': 'C:\경희대\opensource\actions-runner\.service'
[2026-04-03 19:33:08Z INFO ConfigurationStore] ServiceConfigFilePath: C:\경희대\opensource\actions-runner\.service
[2026-04-03 19:33:08Z INFO CommandSettings] Flag 'help': 'False'
[2026-04-03 19:33:08Z INFO CommandSettings] Flag 'version': 'False'
[2026-04-03 19:33:08Z INFO CommandSettings] Flag 'commit': 'False'
[2026-04-03 19:33:08Z INFO CommandSettings] Flag 'check': 'False'
[2026-04-03 19:33:08Z INFO CommandSettings] Command 'configure': 'True'
[2026-04-03 19:33:08Z INFO Terminal] WRITE LINE: 
[2026-04-03 19:33:08Z INFO Terminal] WRITE LINE: --------------------------------------------------------------------------------
[2026-04-03 19:33:08Z INFO Terminal] WRITE LINE: |        ____ _ _   _   _       _          _        _   _                      |
[2026-04-03 19:33:08Z INFO Terminal] WRITE LINE: |       / ___(_) |_| | | |_   _| |__      / \   ___| |_(_) ___  _ __  ___      |
[2026-04-03 19:33:08Z INFO Terminal] WRITE LINE: |      | |  _| | __| |_| | | | | '_ \    / _ \ / __| __| |/ _ \| '_ \/ __|     |
[2026-04-03 19:33:08Z INFO Terminal] WRITE LINE: |      | |_| | | |_|  _  | |_| | |_) |  / ___ \ (__| |_| | (_) | | | \__ \     |
[2026-04-03 19:33:08Z INFO Terminal] WRITE LINE: |       \____|_|\__|_| |_|\__,_|_.__/  /_/   \_\___|\__|_|\___/|_| |_|___/     |
[2026-04-03 19:33:08Z INFO Terminal] WRITE LINE: |                                                                              |
[2026-04-03 19:33:08Z INFO Terminal] WRITE: |                       
[2026-04-03 19:33:08Z INFO Terminal] WRITE: Self-hosted runner registration
[2026-04-03 19:33:08Z INFO Terminal] WRITE LINE:                         |
[2026-04-03 19:33:08Z INFO Terminal] WRITE LINE: |                                                                              |
[2026-04-03 19:33:08Z INFO Terminal] WRITE LINE: --------------------------------------------------------------------------------
[2026-04-03 19:33:08Z INFO ConfigurationManager] ConfigureAsync
[2026-04-03 19:33:08Z INFO CommandSettings] Flag 'generateServiceConfig': 'False'
[2026-04-03 19:33:08Z INFO ConfigurationStore] IsConfigured()
[2026-04-03 19:33:08Z INFO ConfigurationStore] IsConfigured: False
[2026-04-03 19:33:08Z INFO ConfigurationManager] Is configured: False
[2026-04-03 19:33:08Z INFO CommandSettings] Arg 'url': 'https://github.com/kwak-kwak-2/opensource_docker_project'
[2026-04-03 19:33:08Z INFO CommandSettings] Remove url from Arg dictionary.
[2026-04-03 19:33:08Z INFO CommandSettings] Arg 'token': '***'
[2026-04-03 19:33:08Z INFO CommandSettings] Remove token from Arg dictionary.
[2026-04-03 19:33:09Z INFO ConfigurationManager] Http response code: OK from 'POST https://api.github.com/actions/runner-registration' (CDD8:216660:1D4DC1:26F5E0:69D015F5)
[2026-04-03 19:33:09Z INFO ConfigurationManager] Using runner-admin flow: False
[2026-04-03 19:33:09Z INFO ConfigurationManager] cred retrieved via GitHub auth
[2026-04-03 19:33:09Z INFO RunnerServer] EstablishVssConnection
[2026-04-03 19:33:09Z INFO RunnerServer] Establish connection with 100 seconds timeout.
[2026-04-03 19:33:09Z INFO GitHubActionsService] Starting operation Location.GetConnectionData
[2026-04-03 19:33:09Z INFO RunnerServer] EstablishVssConnection
[2026-04-03 19:33:09Z INFO RunnerServer] Establish connection with 60 seconds timeout.
[2026-04-03 19:33:09Z INFO GitHubActionsService] Starting operation Location.GetConnectionData
[2026-04-03 19:33:09Z INFO RunnerServer] EstablishVssConnection
[2026-04-03 19:33:09Z INFO RunnerServer] Establish connection with 60 seconds timeout.
[2026-04-03 19:33:09Z INFO GitHubActionsService] Starting operation Location.GetConnectionData
[2026-04-03 19:33:10Z INFO GitHubActionsService] Finished operation Location.GetConnectionData
[2026-04-03 19:33:10Z INFO GitHubActionsService] Finished operation Location.GetConnectionData
[2026-04-03 19:33:10Z INFO GitHubActionsService] Finished operation Location.GetConnectionData
[2026-04-03 19:33:10Z INFO Terminal] WRITE LINE: 
[2026-04-03 19:33:10Z INFO ConfigurationManager] Test Connection complete.
[2026-04-03 19:33:10Z INFO HostContext] Well known directory 'Bin': 'C:\경희대\opensource\actions-runner\bin'
[2026-04-03 19:33:10Z INFO HostContext] Well known directory 'Root': 'C:\경희대\opensource\actions-runner'
[2026-04-03 19:33:10Z INFO HostContext] Well known config file 'RSACredentials': 'C:\경희대\opensource\actions-runner\.credentials_rsaparams'
[2026-04-03 19:33:10Z INFO RSAEncryptedFileKeyManager] Found existing RSA key parameters file C:\경희대\opensource\actions-runner\.credentials_rsaparams
[2026-04-03 19:33:11Z INFO CommandSettings] Arg 'runnergroup': ''
[2026-04-03 19:33:11Z INFO CommandSettings] Flag 'unattended': 'False'
[2026-04-03 19:33:11Z INFO PromptManager] ReadValue
[2026-04-03 19:33:11Z INFO Terminal] WRITE: Enter the name of the runner group to add this runner to: 
[2026-04-03 19:33:11Z INFO Terminal] WRITE: [press Enter for Default] 
[2026-04-03 19:33:11Z INFO Terminal] READ LINE
[2026-04-03 19:33:13Z INFO Terminal] Read value: ''
[2026-04-03 19:33:13Z INFO PromptManager] Falling back to the default: 'Default'
[2026-04-03 19:33:13Z INFO Terminal] WRITE LINE: 
[2026-04-03 19:33:13Z INFO ConfigurationManager] Found a self-hosted runner group with id 1 and name Default
[2026-04-03 19:33:13Z INFO CommandSettings] Flag 'disableupdate': 'False'
[2026-04-03 19:33:13Z INFO CommandSettings] Flag 'ephemeral': 'False'
[2026-04-03 19:33:13Z INFO CommandSettings] Arg 'name': ''
[2026-04-03 19:33:13Z INFO CommandSettings] Flag 'unattended': 'False'
[2026-04-03 19:33:13Z INFO PromptManager] ReadValue
[2026-04-03 19:33:13Z INFO Terminal] WRITE: Enter the name of runner: 
[2026-04-03 19:33:13Z INFO Terminal] WRITE: [press Enter for USER-NOTEBOOK] 
[2026-04-03 19:33:13Z INFO Terminal] READ LINE
[2026-04-03 19:33:14Z INFO Terminal] Read value: ''
[2026-04-03 19:33:14Z INFO PromptManager] Falling back to the default: 'USER-NOTEBOOK'
[2026-04-03 19:33:14Z INFO Terminal] WRITE LINE: 
[2026-04-03 19:33:14Z INFO CommandSettings] Arg 'labels': ''
[2026-04-03 19:33:14Z INFO CommandSettings] Flag 'unattended': 'False'
[2026-04-03 19:33:14Z INFO PromptManager] ReadValue
[2026-04-03 19:33:14Z INFO Terminal] WRITE: This runner will have the following labels: 'self-hosted', 'Windows', 'X64' 
Enter any additional labels (ex. label-1,label-2): 
[2026-04-03 19:33:14Z INFO Terminal] WRITE: [press Enter to skip] 
[2026-04-03 19:33:14Z INFO Terminal] READ LINE
[2026-04-03 19:33:15Z INFO Terminal] Read value: ''
[2026-04-03 19:33:15Z INFO Terminal] WRITE LINE: 
[2026-04-03 19:33:15Z INFO CommandSettings] Flag 'disableupdate': 'False'
[2026-04-03 19:33:15Z INFO CommandSettings] Flag 'no-default-labels': 'False'
[2026-04-03 19:33:15Z INFO CommandSettings] Flag 'disableupdate': 'False'
[2026-04-03 19:33:15Z INFO CommandSettings] Flag 'ephemeral': 'False'
[2026-04-03 19:33:15Z INFO ConfigurationStore] Saving OAuth credential @ C:\경희대\opensource\actions-runner\.credentials
[2026-04-03 19:33:15Z INFO ConfigurationStore] Credentials Saved.
[2026-04-03 19:33:15Z INFO ConfigurationManager] Service enforced serverUrlV2: https://broker.actions.githubusercontent.com/
[2026-04-03 19:33:15Z INFO ConfigurationManager] Service enforced useV2Flow: True
[2026-04-03 19:33:15Z INFO CommandSettings] Arg 'work': ''
[2026-04-03 19:33:15Z INFO CommandSettings] Flag 'unattended': 'False'
[2026-04-03 19:33:15Z INFO PromptManager] ReadValue
[2026-04-03 19:33:15Z INFO Terminal] WRITE: Enter name of work folder: 
[2026-04-03 19:33:15Z INFO Terminal] WRITE: [press Enter for _work] 
[2026-04-03 19:33:15Z INFO Terminal] READ LINE
[2026-04-03 19:33:17Z INFO Terminal] Read value: ''
[2026-04-03 19:33:17Z INFO PromptManager] Falling back to the default: '_work'
[2026-04-03 19:33:17Z INFO ConfigurationStore] Saving runner settings.
[2026-04-03 19:33:17Z INFO ConfigurationStore] Settings Saved.
[2026-04-03 19:33:17Z INFO Terminal] WRITE LINE: 
[2026-04-03 19:33:17Z INFO Terminal] WRITE LINE: 
[2026-04-03 19:33:17Z INFO CommandSettings] Flag 'runasservice': 'False'
[2026-04-03 19:33:17Z INFO CommandSettings] Flag 'unattended': 'False'
[2026-04-03 19:33:17Z INFO PromptManager] ReadValue
[2026-04-03 19:33:17Z INFO Terminal] WRITE: Would you like to run the runner as service? (Y/N) 
[2026-04-03 19:33:17Z INFO Terminal] WRITE: [press Enter for N] 
[2026-04-03 19:33:17Z INFO Terminal] READ LINE
[2026-04-03 19:33:22Z INFO Terminal] Read value: ''
[2026-04-03 19:33:22Z INFO PromptManager] Falling back to the default: 'N'
[2026-04-03 19:33:22Z INFO Listener] Runner execution has finished with return code 0
