[2026-04-03 20:23:09Z INFO HostContext] No proxy settings were found based on environmental variables (http_proxy/https_proxy/HTTP_PROXY/HTTPS_PROXY)
[2026-04-03 20:23:09Z INFO HostContext] Well known directory 'Bin': 'C:\경희대\opensource\actions-runner\bin'
[2026-04-03 20:23:09Z INFO HostContext] Well known directory 'Root': 'C:\경희대\opensource\actions-runner'
[2026-04-03 20:23:09Z INFO HostContext] Well known config file 'Credentials': 'C:\경희대\opensource\actions-runner\.credentials'
[2026-04-03 20:23:10Z INFO HostContext] Well known directory 'Bin': 'C:\경희대\opensource\actions-runner\bin'
[2026-04-03 20:23:10Z INFO HostContext] Well known directory 'Root': 'C:\경희대\opensource\actions-runner'
[2026-04-03 20:23:10Z INFO HostContext] Well known config file 'Runner': 'C:\경희대\opensource\actions-runner\.runner'
[2026-04-03 20:23:10Z INFO Worker] Version: 2.333.1
[2026-04-03 20:23:10Z INFO Worker] Commit: 6792966801e8925346735b68c03bf9f347af4646
[2026-04-03 20:23:10Z INFO Worker] Culture: ko-KR
[2026-04-03 20:23:10Z INFO Worker] UI Culture: ko-KR
[2026-04-03 20:23:10Z INFO Worker] Waiting to receive the job message from the channel.
[2026-04-03 20:23:10Z INFO ProcessChannel] Receiving message of length 20735, with hash '0b99aaadd8983b4ab669f84f77828de14ab68e7f1850a4a5b6774da0009a7727'
[2026-04-03 20:23:10Z INFO Worker] Message received.
[2026-04-03 20:23:10Z INFO Worker] Job message:
 {
  "fileTable": [
    ".github/workflows/ci.yml"
  ],
  "mask": [
    {
      "type": "regex",
      "value": "***"
    },
    {
      "type": "regex",
      "value": "***"
    },
    {
      "type": "regex",
      "value": "***"
    },
    {
      "type": "regex",
      "value": "***"
    },
    {
      "type": "regex",
      "value": "***"
    },
    {
      "type": "regex",
      "value": "***"
    },
    {
      "type": "regex",
      "value": "***"
    },
    {
      "type": "regex",
      "value": "***"
    },
    {
      "type": "regex",
      "value": "***"
    },
    {
      "type": "regex",
      "value": "***"
    },
    {
      "type": "regex",
      "value": "***"
    },
    {
      "type": "regex",
      "value": "***"
    },
    {
      "type": "regex",
      "value": "***"
    },
    {
      "type": "regex",
      "value": "***"
    },
    {
      "type": "regex",
      "value": "***"
    },
    {
      "type": "regex",
      "value": "***"
    },
    {
      "type": "regex",
      "value": "***"
    },
    {
      "type": "regex",
      "value": "***"
    }
  ],
  "steps": [
    {
      "type": "action",
      "reference": {
        "type": "script"
      },
      "displayNameToken": {
        "type": 0,
        "file": 1,
        "line": 29,
        "col": 15,
        "lit": "Deploy Container"
      },
      "contextName": "__run",
      "inputs": {
        "type": 2,
        "map": [
          {
            "key": "script",
            "value": {
              "type": 0,
              "file": 1,
              "line": 30,
              "col": 14,
              "lit": "if (docker ps -a -q --filter \"name=mlops-container\") { docker stop mlops-container; docker rm mlops-container }\ndocker pull kwakminjae/mlops-image-api:latest\ndocker run -d --name mlops-container -p 8000:8000 kwakminjae/mlops-image-api:latest\n"
            }
          },
          {
            "key": "shell",
            "value": {
              "type": 0,
              "file": 1,
              "line": 34,
              "col": 16,
              "lit": "powershell"
            }
          }
        ]
      },
      "condition": "success()",
      "id": "b8d090a4-03cc-4e00-9e01-8742475dba6a",
      "name": "__run"
    }
  ],
  "variables": {
    "Actions.EnableHttpRedirects": {
      "value": "true"
    },
    "DistributedTask.AddWarningToNode12Action": {
      "value": "true"
    },
    "DistributedTask.AddWarningToNode16Action": {
      "value": "true"
    },
    "DistributedTask.AllowRunnerContainerHooks": {
      "value": "true"
    },
    "DistributedTask.DeprecateStepOutputCommands": {
      "value": "true"
    },
    "DistributedTask.DetailUntarFailure": {
      "value": "true"
    },
    "DistributedTask.EnableCompositeActions": {
      "value": "true"
    },
    "DistributedTask.EnableJobServerQueueTelemetry": {
      "value": "true"
    },
    "DistributedTask.EnhancedAnnotations": {
      "value": "true"
    },
    "DistributedTask.ForceGithubJavascriptActionsToNode16": {
      "value": "true"
    },
    "DistributedTask.ForceGithubJavascriptActionsToNode20": {
      "value": "true"
    },
    "DistributedTask.LogTemplateErrorsAsDebugMessages": {
      "value": "true"
    },
    "DistributedTask.MarkJobAsFailedOnWorkerCrash": {
      "value": "true"
    },
    "DistributedTask.NewActionMetadata": {
      "value": "true"
    },
    "DistributedTask.UploadStepSummary": {
      "value": "true"
    },
    "DistributedTask.UseActionArchiveCache": {
      "value": "true"
    },
    "DistributedTask.UseWhich2": {
      "value": "true"
    },
    "RunService.FixEmbeddedIssues": {
      "value": "true"
    },
    "actions.runner.requirenode24": {
      "value": "false"
    },
    "actions.runner.usenode24bydefault": {
      "value": "false"
    },
    "actions.runner.warnonnode20": {
      "value": "true"
    },
    "actions_add_check_run_id_to_job_context": {
      "value": "true"
    },
    "actions_batch_action_resolution": {
      "value": "false"
    },
    "actions_container_action_runner_temp": {
      "value": "true"
    },
    "actions_display_helpful_actions_download_errors": {
      "value": "true"
    },
    "actions_runner_compare_workflow_parser": {
      "value": "false"
    },
    "actions_runner_deprecate_linux_arm32": {
      "value": "false"
    },
    "actions_runner_emit_composite_markers": {
      "value": "false"
    },
    "actions_runner_kill_linux_arm32": {
      "value": "false"
    },
    "actions_runner_node20_removal_date": {
      "value": ""
    },
    "actions_runner_node24_default_date": {
      "value": ""
    },
    "actions_service_container_command": {
      "value": "true"
    },
    "actions_set_orchestration_id_env_for_actions": {
      "value": "true"
    },
    "actions_skip_retry_complete_job_upon_known_errors": {
      "value": "true"
    },
    "actions_snapshot_preflight_hosted_runner_check": {
      "value": "false"
    },
    "actions_snapshot_preflight_image_gen_pool_check": {
      "value": "false"
    },
    "actions_use_bearer_token_for_codeload": {
      "value": "false"
    },
    "actions_uses_cache_service_v2": {
      "value": "true"
    },
    "github_token": {
      "value": "***",
      "isSecret": true
    },
    "system.from_run_service": {
      "value": "true"
    },
    "system.github.job": {
      "value": "deploy"
    },
    "system.github.launch_endpoint": {
      "value": "https://launch.actions.githubusercontent.com"
    },
    "system.github.results_endpoint": {
      "value": "https://results-receiver.actions.githubusercontent.com/"
    },
    "system.github.results_upload_with_sdk": {
      "value": "true"
    },
    "system.github.token": {
      "value": "***",
      "isSecret": true
    },
    "system.github.token.permissions": {
      "value": "{\"Contents\":\"read\",\"Metadata\":\"read\",\"Packages\":\"read\"}"
    },
    "system.orchestrationId": {
      "value": "2aa086f4-782c-497a-a760-90358e50a073.deploy.__default"
    },
    "system.phaseDisplayName": {
      "value": "deploy"
    },
    "system.runner.lowdiskspacethreshold": {
      "value": "100"
    },
    "system.runnerEnvironment": {
      "value": "self-hosted"
    },
    "system.runnerGroupName": {
      "value": "Default"
    }
  },
  "messageType": "RunnerJobRequest",
  "plan": {
    "scopeIdentifier": "00000000-0000-0000-0000-000000000000",
    "planType": "actions",
    "version": 0,
    "planId": "2aa086f4-782c-497a-a760-90358e50a073",
    "planGroup": null,
    "artifactUri": null,
    "artifactLocation": null,
    "definition": null,
    "owner": null
  },
  "timeline": {
    "id": "2aa086f4-782c-497a-a760-90358e50a073",
    "changeId": 0,
    "location": null
  },
  "jobId": "09ce4930-f001-510d-9961-18ce14a60f35",
  "jobDisplayName": "deploy",
  "jobName": "__default",
  "requestId": 0,
  "lockedUntil": "0001-01-01T00:00:00",
  "resources": {
    "endpoints": [
      {
        "data": {
          "ServerId": "",
          "ServerName": "",
          "CacheServerUrl": "https://artifactcache.actions.githubusercontent.com/StwUQkw4gGfevgGXb4uorvMuOXWEJKNO0jSnqDlJ8JtTds3YG2/",
          "FeedStreamUrl": "wss://results-receiver.actions.githubusercontent.com/_ws/ingest.sock",
          "ResultsServiceUrl": "https://results-receiver.actions.githubusercontent.com/",
          "PipelinesServiceUrl": "https://pipelinesghubeus22.actions.githubusercontent.com/StwUQkw4gGfevgGXb4uorvMuOXWEJKNO0jSnqDlJ8JtTds3YG2/",
          "GenerateIdTokenUrl": "",
          "ConnectivityChecks": "[\"https://broker.actions.githubusercontent.com/health\",\"https://token.actions.githubusercontent.com/ready\",\"https://run.actions.githubusercontent.com/health\"]"
        },
        "name": "SystemVssConnection",
        "url": "https://run-actions-3-azure-eastus.actions.githubusercontent.com/149/",
        "authorization": {
          "parameters": {
            "AccessToken": "***"
          },
          "scheme": "OAuth"
        },
        "isShared": false,
        "isReady": true
      }
    ]
  },
  "contextData": {
    "github": {
      "t": 2,
      "d": [
        {
          "k": "ref",
          "v": "refs/heads/main"
        },
        {
          "k": "sha",
          "v": "2bd9471ffaaa3e0186272c31ce1cc25693290391"
        },
        {
          "k": "repository",
          "v": "kwak-kwak-2/opensource_docker_project"
        },
        {
          "k": "repository_owner",
          "v": "kwak-kwak-2"
        },
        {
          "k": "repository_owner_id",
          "v": "228229498"
        },
        {
          "k": "repositoryUrl",
          "v": "git://github.com/kwak-kwak-2/opensource_docker_project.git"
        },
        {
          "k": "run_id",
          "v": "23960883579"
        },
        {
          "k": "run_number",
          "v": "8"
        },
        {
          "k": "retention_days",
          "v": "90"
        },
        {
          "k": "run_attempt",
          "v": "1"
        },
        {
          "k": "artifact_cache_size_limit",
          "v": "10"
        },
        {
          "k": "repository_visibility",
          "v": "public"
        },
        {
          "k": "actor_id",
          "v": "228229498"
        },
        {
          "k": "actor",
          "v": "kwak-kwak-2"
        },
        {
          "k": "workflow",
          "v": "CI/CD Pipeline"
        },
        {
          "k": "head_ref",
          "v": ""
        },
        {
          "k": "base_ref",
          "v": ""
        },
        {
          "k": "event_name",
          "v": "push"
        },
        {
          "k": "server_url",
          "v": "https://github.com"
        },
        {
          "k": "api_url",
          "v": "https://api.github.com"
        },
        {
          "k": "graphql_url",
          "v": "https://api.github.com/graphql"
        },
        {
          "k": "ref_name",
          "v": "main"
        },
        {
          "k": "ref_protected",
          "v": false
        },
        {
          "k": "ref_type",
          "v": "branch"
        },
        {
          "k": "secret_source",
          "v": "Actions"
        },
        {
          "k": "event",
          "v": {
            "t": 2,
            "d": [
              {
                "k": "after",
                "v": "2bd9471ffaaa3e0186272c31ce1cc25693290391"
              },
              {
                "k": "base_ref",
                "v": null
              },
              {
                "k": "before",
                "v": "5fd8f235f159d51a7975473a94f27ce26e84953d"
              },
              {
                "k": "commits",
                "v": {
                  "t": 1,
                  "a": [
                    {
                      "t": 2,
                      "d": [
                        {
                          "k": "author",
                          "v": {
                            "t": 2,
                            "d": [
                              {
                                "k": "email",
                                "v": "minjae051213@gmail.com"
                              },
                              {
                                "k": "name",
                                "v": "kwakminjae"
                              },
                              {
                                "k": "username",
                                "v": "kwak-kwak-2"
                              }
                            ]
                          }
                        },
                        {
                          "k": "committer",
                          "v": {
                            "t": 2,
                            "d": [
                              {
                                "k": "email",
                                "v": "minjae051213@gmail.com"
                              },
                              {
                                "k": "name",
                                "v": "kwakminjae"
                              },
                              {
                                "k": "username",
                                "v": "kwak-kwak-2"
                              }
                            ]
                          }
                        },
                        {
                          "k": "distinct",
                          "v": true
                        },
                        {
                          "k": "id",
                          "v": "2bd9471ffaaa3e0186272c31ce1cc25693290391"
                        },
                        {
                          "k": "message",
                          "v": "feat: add gender identification"
                        },
                        {
                          "k": "timestamp",
                          "v": "2026-04-04T05:21:54+09:00"
                        },
                        {
                          "k": "tree_id",
                          "v": "6c2e4554b451f375a4b8203402b7ada91a163a87"
                        },
                        {
                          "k": "url",
                          "v": "https://github.com/kwak-kwak-2/opensource_docker_project/commit/2bd9471ffaaa3e0186272c31ce1cc25693290391"
                        }
                      ]
                    }
                  ]
                }
              },
              {
                "k": "compare",
                "v": "https://github.com/kwak-kwak-2/opensource_docker_project/compare/5fd8f235f159...2bd9471ffaaa"
              },
              {
                "k": "created",
                "v": false
              },
              {
                "k": "deleted",
                "v": false
              },
              {
                "k": "forced",
                "v": false
              },
              {
                "k": "head_commit",
                "v": {
                  "t": 2,
                  "d": [
                    {
                      "k": "author",
                      "v": {
                        "t": 2,
                        "d": [
                          {
                            "k": "email",
                            "v": "minjae051213@gmail.com"
                          },
                          {
                            "k": "name",
                            "v": "kwakminjae"
                          },
                          {
                            "k": "username",
                            "v": "kwak-kwak-2"
                          }
                        ]
                      }
                    },
                    {
                      "k": "committer",
                      "v": {
                        "t": 2,
                        "d": [
                          {
                            "k": "email",
                            "v": "minjae051213@gmail.com"
                          },
                          {
                            "k": "name",
                            "v": "kwakminjae"
                          },
                          {
                            "k": "username",
                            "v": "kwak-kwak-2"
                          }
                        ]
                      }
                    },
                    {
                      "k": "distinct",
                      "v": true
                    },
                    {
                      "k": "id",
                      "v": "2bd9471ffaaa3e0186272c31ce1cc25693290391"
                    },
                    {
                      "k": "message",
                      "v": "feat: add gender identification"
                    },
                    {
                      "k": "timestamp",
                      "v": "2026-04-04T05:21:54+09:00"
                    },
                    {
                      "k": "tree_id",
                      "v": "6c2e4554b451f375a4b8203402b7ada91a163a87"
                    },
                    {
                      "k": "url",
                      "v": "https://github.com/kwak-kwak-2/opensource_docker_project/commit/2bd9471ffaaa3e0186272c31ce1cc25693290391"
                    }
                  ]
                }
              },
              {
                "k": "pusher",
                "v": {
                  "t": 2,
                  "d": [
                    {
                      "k": "email",
                      "v": "minjae051213@gmail.com"
                    },
                    {
                      "k": "name",
                      "v": "kwak-kwak-2"
                    }
                  ]
                }
              },
              {
                "k": "ref",
                "v": "refs/heads/main"
              },
              {
                "k": "repository",
                "v": {
                  "t": 2,
                  "d": [
                    {
                      "k": "allow_forking",
                      "v": true
                    },
                    {
                      "k": "archive_url",
                      "v": "https://api.github.com/repos/kwak-kwak-2/opensource_docker_project/{archive_format}{/ref}"
                    },
                    {
                      "k": "archived",
                      "v": false
                    },
                    {
                      "k": "assignees_url",
                      "v": "https://api.github.com/repos/kwak-kwak-2/opensource_docker_project/assignees{/user}"
                    },
                    {
                      "k": "blobs_url",
                      "v": "https://api.github.com/repos/kwak-kwak-2/opensource_docker_project/git/blobs{/sha}"
                    },
                    {
                      "k": "branches_url",
                      "v": "https://api.github.com/repos/kwak-kwak-2/opensource_docker_project/branches{/branch}"
                    },
                    {
                      "k": "clone_url",
                      "v": "https://github.com/kwak-kwak-2/opensource_docker_project.git"
                    },
                    {
                      "k": "collaborators_url",
                      "v": "https://api.github.com/repos/kwak-kwak-2/opensource_docker_project/collaborators{/collaborator}"
                    },
                    {
                      "k": "comments_url",
                      "v": "https://api.github.com/repos/kwak-kwak-2/opensource_docker_project/comments{/number}"
                    },
                    {
                      "k": "commits_url",
                      "v": "https://api.github.com/repos/kwak-kwak-2/opensource_docker_project/commits{/sha}"
                    },
                    {
                      "k": "compare_url",
                      "v": "https://api.github.com/repos/kwak-kwak-2/opensource_docker_project/compare/{base}...{head}"
                    },
                    {
                      "k": "contents_url",
                      "v": "https://api.github.com/repos/kwak-kwak-2/opensource_docker_project/contents/{+path}"
                    },
                    {
                      "k": "contributors_url",
                      "v": "https://api.github.com/repos/kwak-kwak-2/opensource_docker_project/contributors"
                    },
                    {
                      "k": "created_at",
                      "v": 1775229866.0
                    },
                    {
                      "k": "default_branch",
                      "v": "main"
                    },
                    {
                      "k": "deployments_url",
                      "v": "https://api.github.com/repos/kwak-kwak-2/opensource_docker_project/deployments"
                    },
                    {
                      "k": "description",
                      "v": "이하 생략."
                    },
                    {
                      "k": "disabled",
                      "v": false
                    },
                    {
                      "k": "downloads_url",
                      "v": "https://api.github.com/repos/kwak-kwak-2/opensource_docker_project/downloads"
                    },
                    {
                      "k": "events_url",
                      "v": "https://api.github.com/repos/kwak-kwak-2/opensource_docker_project/events"
                    },
                    {
                      "k": "fork",
                      "v": false
                    },
                    {
                      "k": "forks",
                      "v": 0.0
                    },
                    {
                      "k": "forks_count",
                      "v": 0.0
                    },
                    {
                      "k": "forks_url",
                      "v": "https://api.github.com/repos/kwak-kwak-2/opensource_docker_project/forks"
                    },
                    {
                      "k": "full_name",
                      "v": "kwak-kwak-2/opensource_docker_project"
                    },
                    {
                      "k": "git_commits_url",
                      "v": "https://api.github.com/repos/kwak-kwak-2/opensource_docker_project/git/commits{/sha}"
                    },
                    {
                      "k": "git_refs_url",
                      "v": "https://api.github.com/repos/kwak-kwak-2/opensource_docker_project/git/refs{/sha}"
                    },
                    {
                      "k": "git_tags_url",
                      "v": "https://api.github.com/repos/kwak-kwak-2/opensource_docker_project/git/tags{/sha}"
                    },
                    {
                      "k": "git_url",
                      "v": "git://github.com/kwak-kwak-2/opensource_docker_project.git"
                    },
                    {
                      "k": "has_discussions",
                      "v": false
                    },
                    {
                      "k": "has_downloads",
                      "v": true
                    },
                    {
                      "k": "has_issues",
                      "v": true
                    },
                    {
                      "k": "has_pages",
                      "v": false
                    },
                    {
                      "k": "has_projects",
                      "v": true
                    },
                    {
                      "k": "has_pull_requests",
                      "v": true
                    },
                    {
                      "k": "has_wiki",
                      "v": true
                    },
                    {
                      "k": "homepage",
                      "v": null
                    },
                    {
                      "k": "hooks_url",
                      "v": "https://api.github.com/repos/kwak-kwak-2/opensource_docker_project/hooks"
                    },
                    {
                      "k": "html_url",
                      "v": "https://github.com/kwak-kwak-2/opensource_docker_project"
                    },
                    {
                      "k": "id",
                      "v": 1200578866.0
                    },
                    {
                      "k": "is_template",
                      "v": false
                    },
                    {
                      "k": "issue_comment_url",
                      "v": "https://api.github.com/repos/kwak-kwak-2/opensource_docker_project/issues/comments{/number}"
                    },
                    {
                      "k": "issue_events_url",
                      "v": "https://api.github.com/repos/kwak-kwak-2/opensource_docker_project/issues/events{/number}"
                    },
                    {
                      "k": "issues_url",
                      "v": "https://api.github.com/repos/kwak-kwak-2/opensource_docker_project/issues{/number}"
                    },
                    {
                      "k": "keys_url",
                      "v": "https://api.github.com/repos/kwak-kwak-2/opensource_docker_project/keys{/key_id}"
                    },
                    {
                      "k": "labels_url",
                      "v": "https://api.github.com/repos/kwak-kwak-2/opensource_docker_project/labels{/name}"
                    },
                    {
                      "k": "language",
                      "v": "JavaScript"
                    },
                    {
                      "k": "languages_url",
                      "v": "https://api.github.com/repos/kwak-kwak-2/opensource_docker_project/languages"
                    },
                    {
                      "k": "license",
                      "v": null
                    },
                    {
                      "k": "master_branch",
                      "v": "main"
                    },
                    {
                      "k": "merges_url",
                      "v": "https://api.github.com/repos/kwak-kwak-2/opensource_docker_project/merges"
                    },
                    {
                      "k": "milestones_url",
                      "v": "https://api.github.com/repos/kwak-kwak-2/opensource_docker_project/milestones{/number}"
                    },
                    {
                      "k": "mirror_url",
                      "v": null
                    },
                    {
                      "k": "name",
                      "v": "opensource_docker_project"
                    },
                    {
                      "k": "node_id",
                      "v": "R_kgDOR49hMg"
                    },
                    {
                      "k": "notifications_url",
                      "v": "https://api.github.com/repos/kwak-kwak-2/opensource_docker_project/notifications{?since,all,participating}"
                    },
                    {
                      "k": "open_issues",
                      "v": 0.0
                    },
                    {
                      "k": "open_issues_count",
                      "v": 0.0
                    },
                    {
                      "k": "owner",
                      "v": {
                        "t": 2,
                        "d": [
                          {
                            "k": "avatar_url",
                            "v": "https://avatars.githubusercontent.com/u/228229498?v=4"
                          },
                          {
                            "k": "email",
                            "v": "minjae051213@gmail.com"
                          },
                          {
                            "k": "events_url",
                            "v": "https://api.github.com/users/kwak-kwak-2/events{/privacy}"
                          },
                          {
                            "k": "followers_url",
                            "v": "https://api.github.com/users/kwak-kwak-2/followers"
                          },
                          {
                            "k": "following_url",
                            "v": "https://api.github.com/users/kwak-kwak-2/following{/other_user}"
                          },
                          {
                            "k": "gists_url",
                            "v": "https://api.github.com/users/kwak-kwak-2/gists{/gist_id}"
                          },
                          {
                            "k": "gravatar_id",
                            "v": ""
                          },
                          {
                            "k": "html_url",
                            "v": "https://github.com/kwak-kwak-2"
                          },
                          {
                            "k": "id",
                            "v": 228229498.0
                          },
                          {
                            "k": "login",
                            "v": "kwak-kwak-2"
                          },
                          {
                            "k": "name",
                            "v": "kwak-kwak-2"
                          },
                          {
                            "k": "node_id",
                            "v": "U_kgDODZqBeg"
                          },
                          {
                            "k": "organizations_url",
                            "v": "https://api.github.com/users/kwak-kwak-2/orgs"
                          },
                          {
                            "k": "received_events_url",
                            "v": "https://api.github.com/users/kwak-kwak-2/received_events"
                          },
                          {
                            "k": "repos_url",
                            "v": "https://api.github.com/users/kwak-kwak-2/repos"
                          },
                          {
                            "k": "site_admin",
                            "v": false
                          },
                          {
                            "k": "starred_url",
                            "v": "https://api.github.com/users/kwak-kwak-2/starred{/owner}{/repo}"
                          },
                          {
                            "k": "subscriptions_url",
                            "v": "https://api.github.com/users/kwak-kwak-2/subscriptions"
                          },
                          {
                            "k": "type",
                            "v": "User"
                          },
                          {
                            "k": "url",
                            "v": "https://api.github.com/users/kwak-kwak-2"
                          },
                          {
                            "k": "user_view_type",
                            "v": "public"
                          }
                        ]
                      }
                    },
                    {
                      "k": "private",
                      "v": false
                    },
                    {
                      "k": "pull_request_creation_policy",
                      "v": "all"
                    },
                    {
                      "k": "pulls_url",
                      "v": "https://api.github.com/repos/kwak-kwak-2/opensource_docker_project/pulls{/number}"
                    },
                    {
                      "k": "pushed_at",
                      "v": 1775247717.0
                    },
                    {
                      "k": "releases_url",
                      "v": "https://api.github.com/repos/kwak-kwak-2/opensource_docker_project/releases{/id}"
                    },
                    {
                      "k": "size",
                      "v": 6.0
                    },
                    {
                      "k": "ssh_url",
                      "v": "git@github.com:kwak-kwak-2/opensource_docker_project.git"
                    },
                    {
                      "k": "stargazers",
                      "v": 0.0
                    },
                    {
                      "k": "stargazers_count",
                      "v": 0.0
                    },
                    {
                      "k": "stargazers_url",
                      "v": "https://api.github.com/repos/kwak-kwak-2/opensource_docker_project/stargazers"
                    },
                    {
                      "k": "statuses_url",
                      "v": "https://api.github.com/repos/kwak-kwak-2/opensource_docker_project/statuses/{sha}"
                    },
                    {
                      "k": "subscribers_url",
                      "v": "https://api.github.com/repos/kwak-kwak-2/opensource_docker_project/subscribers"
                    },
                    {
                      "k": "subscription_url",
                      "v": "https://api.github.com/repos/kwak-kwak-2/opensource_docker_project/subscription"
                    },
                    {
                      "k": "svn_url",
                      "v": "https://github.com/kwak-kwak-2/opensource_docker_project"
                    },
                    {
                      "k": "tags_url",
                      "v": "https://api.github.com/repos/kwak-kwak-2/opensource_docker_project/tags"
                    },
                    {
                      "k": "teams_url",
                      "v": "https://api.github.com/repos/kwak-kwak-2/opensource_docker_project/teams"
                    },
                    {
                      "k": "topics",
                      "v": {
                        "t": 1
                      }
                    },
                    {
                      "k": "trees_url",
                      "v": "https://api.github.com/repos/kwak-kwak-2/opensource_docker_project/git/trees{/sha}"
                    },
                    {
                      "k": "updated_at",
                      "v": "2026-04-03T20:03:08Z"
                    },
                    {
                      "k": "url",
                      "v": "https://api.github.com/repos/kwak-kwak-2/opensource_docker_project"
                    },
                    {
                      "k": "visibility",
                      "v": "public"
                    },
                    {
                      "k": "watchers",
                      "v": 0.0
                    },
                    {
                      "k": "watchers_count",
                      "v": 0.0
                    },
                    {
                      "k": "web_commit_signoff_required",
                      "v": false
                    }
                  ]
                }
              },
              {
                "k": "sender",
                "v": {
                  "t": 2,
                  "d": [
                    {
                      "k": "avatar_url",
                      "v": "https://avatars.githubusercontent.com/u/228229498?v=4"
                    },
                    {
                      "k": "events_url",
                      "v": "https://api.github.com/users/kwak-kwak-2/events{/privacy}"
                    },
                    {
                      "k": "followers_url",
                      "v": "https://api.github.com/users/kwak-kwak-2/followers"
                    },
                    {
                      "k": "following_url",
                      "v": "https://api.github.com/users/kwak-kwak-2/following{/other_user}"
                    },
                    {
                      "k": "gists_url",
                      "v": "https://api.github.com/users/kwak-kwak-2/gists{/gist_id}"
                    },
                    {
                      "k": "gravatar_id",
                      "v": ""
                    },
                    {
                      "k": "html_url",
                      "v": "https://github.com/kwak-kwak-2"
                    },
                    {
                      "k": "id",
                      "v": 228229498.0
                    },
                    {
                      "k": "login",
                      "v": "kwak-kwak-2"
                    },
                    {
                      "k": "node_id",
                      "v": "U_kgDODZqBeg"
                    },
                    {
                      "k": "organizations_url",
                      "v": "https://api.github.com/users/kwak-kwak-2/orgs"
                    },
                    {
                      "k": "received_events_url",
                      "v": "https://api.github.com/users/kwak-kwak-2/received_events"
                    },
                    {
                      "k": "repos_url",
                      "v": "https://api.github.com/users/kwak-kwak-2/repos"
                    },
                    {
                      "k": "site_admin",
                      "v": false
                    },
                    {
                      "k": "starred_url",
                      "v": "https://api.github.com/users/kwak-kwak-2/starred{/owner}{/repo}"
                    },
                    {
                      "k": "subscriptions_url",
                      "v": "https://api.github.com/users/kwak-kwak-2/subscriptions"
                    },
                    {
                      "k": "type",
                      "v": "User"
                    },
                    {
                      "k": "url",
                      "v": "https://api.github.com/users/kwak-kwak-2"
                    },
                    {
                      "k": "user_view_type",
                      "v": "public"
                    }
                  ]
                }
              }
            ]
          }
        },
        {
          "k": "workflow_ref",
          "v": "kwak-kwak-2/opensource_docker_project/.github/workflows/ci.yml@refs/heads/main"
        },
        {
          "k": "workflow_sha",
          "v": "2bd9471ffaaa3e0186272c31ce1cc25693290391"
        },
        {
          "k": "repository_id",
          "v": "1200578866"
        },
        {
          "k": "triggering_actor",
          "v": "kwak-kwak-2"
        }
      ]
    },
    "inputs": {
      "t": 2
    },
    "job": {
      "t": 2,
      "d": [
        {
          "k": "check_run_id",
          "v": 69890263096.0
        }
      ]
    },
    "matrix": null,
    "needs": {
      "t": 2,
      "d": [
        {
          "k": "build-and-push",
          "v": {
            "t": 2,
            "d": [
              {
                "k": "result",
                "v": "success"
              },
              {
                "k": "outputs",
                "v": {
                  "t": 2
                }
              }
            ]
          }
        }
      ]
    },
    "strategy": {
      "t": 2,
      "d": [
        {
          "k": "fail-fast",
          "v": true
        },
        {
          "k": "job-index",
          "v": 0.0
        },
        {
          "k": "job-total",
          "v": 1.0
        },
        {
          "k": "max-parallel",
          "v": 1.0
        }
      ]
    },
    "vars": {
      "t": 2
    }
  },
  "billingOwnerId": "U_kgDODZqBeg"
}
[2026-04-03 20:23:10Z INFO JobRunner] Job ID 09ce4930-f001-510d-9961-18ce14a60f35
[2026-04-03 20:23:10Z INFO ConfigurationStore] currentAssemblyLocation: C:\경희대\opensource\actions-runner\bin\Runner.Worker.dll
[2026-04-03 20:23:10Z INFO HostContext] Well known directory 'Bin': 'C:\경희대\opensource\actions-runner\bin'
[2026-04-03 20:23:10Z INFO ConfigurationStore] binPath: C:\경희대\opensource\actions-runner\bin
[2026-04-03 20:23:10Z INFO HostContext] Well known directory 'Bin': 'C:\경희대\opensource\actions-runner\bin'
[2026-04-03 20:23:10Z INFO HostContext] Well known directory 'Root': 'C:\경희대\opensource\actions-runner'
[2026-04-03 20:23:10Z INFO ConfigurationStore] RootFolder: C:\경희대\opensource\actions-runner
[2026-04-03 20:23:10Z INFO HostContext] Well known directory 'Bin': 'C:\경희대\opensource\actions-runner\bin'
[2026-04-03 20:23:10Z INFO HostContext] Well known directory 'Root': 'C:\경희대\opensource\actions-runner'
[2026-04-03 20:23:10Z INFO HostContext] Well known config file 'Runner': 'C:\경희대\opensource\actions-runner\.runner'
[2026-04-03 20:23:10Z INFO ConfigurationStore] ConfigFilePath: C:\경희대\opensource\actions-runner\.runner
[2026-04-03 20:23:10Z INFO HostContext] Well known directory 'Bin': 'C:\경희대\opensource\actions-runner\bin'
[2026-04-03 20:23:10Z INFO HostContext] Well known directory 'Root': 'C:\경희대\opensource\actions-runner'
[2026-04-03 20:23:10Z INFO HostContext] Well known config file 'MigratedRunner': 'C:\경희대\opensource\actions-runner\.runner_migrated'
[2026-04-03 20:23:10Z INFO ConfigurationStore] MigratedConfigFilePath: C:\경희대\opensource\actions-runner\.runner_migrated
[2026-04-03 20:23:10Z INFO HostContext] Well known directory 'Bin': 'C:\경희대\opensource\actions-runner\bin'
[2026-04-03 20:23:10Z INFO HostContext] Well known directory 'Root': 'C:\경희대\opensource\actions-runner'
[2026-04-03 20:23:10Z INFO HostContext] Well known config file 'Credentials': 'C:\경희대\opensource\actions-runner\.credentials'
[2026-04-03 20:23:10Z INFO ConfigurationStore] CredFilePath: C:\경희대\opensource\actions-runner\.credentials
[2026-04-03 20:23:10Z INFO HostContext] Well known directory 'Bin': 'C:\경희대\opensource\actions-runner\bin'
[2026-04-03 20:23:10Z INFO HostContext] Well known directory 'Root': 'C:\경희대\opensource\actions-runner'
[2026-04-03 20:23:10Z INFO HostContext] Well known config file 'MigratedCredentials': 'C:\경희대\opensource\actions-runner\.credentials_migrated'
[2026-04-03 20:23:10Z INFO ConfigurationStore] MigratedCredFilePath: C:\경희대\opensource\actions-runner\.credentials_migrated
[2026-04-03 20:23:10Z INFO HostContext] Well known directory 'Bin': 'C:\경희대\opensource\actions-runner\bin'
[2026-04-03 20:23:10Z INFO HostContext] Well known directory 'Root': 'C:\경희대\opensource\actions-runner'
[2026-04-03 20:23:10Z INFO HostContext] Well known config file 'Service': 'C:\경희대\opensource\actions-runner\.service'
[2026-04-03 20:23:10Z INFO ConfigurationStore] ServiceConfigFilePath: C:\경희대\opensource\actions-runner\.service
[2026-04-03 20:23:10Z INFO ConfigurationStore] Read setting file: 414 chars
[2026-04-03 20:23:10Z INFO JobRunner] Initializing launch client
[2026-04-03 20:23:10Z INFO JobServerQueue] Initializing results client
[2026-04-03 20:23:10Z INFO ResultServer] Creating websocket client ...wss://results-receiver.actions.githubusercontent.com/_ws/ingest.sock
[2026-04-03 20:23:10Z INFO ResultServer] Attempting to start websocket client with delay 00:00:00.
[2026-04-03 20:23:10Z INFO JobServerQueue] Start process web console line queue.
[2026-04-03 20:23:10Z INFO JobServerQueue] Start process file upload queue.
[2026-04-03 20:23:10Z INFO JobServerQueue] Start results file upload queue.
[2026-04-03 20:23:10Z INFO JobServerQueue] Starting results-based upload queue...
[2026-04-03 20:23:10Z INFO JobServerQueue] Start process timeline update queue.
[2026-04-03 20:23:10Z INFO ExecutionContext] Initializing Job context
[2026-04-03 20:23:10Z INFO ExecutionContext] Initialize GitHub context
[2026-04-03 20:23:10Z INFO ExecutionContext] Initialize Env context
[2026-04-03 20:23:10Z INFO HostContext] Well known directory 'Bin': 'C:\경희대\opensource\actions-runner\bin'
[2026-04-03 20:23:10Z INFO HostContext] Well known directory 'Root': 'C:\경희대\opensource\actions-runner'
[2026-04-03 20:23:10Z INFO HostContext] Well known directory 'Diag': 'C:\경희대\opensource\actions-runner\_diag'
[2026-04-03 20:23:10Z INFO HostContext] Well known directory 'Bin': 'C:\경희대\opensource\actions-runner\bin'
[2026-04-03 20:23:10Z INFO HostContext] Well known directory 'Root': 'C:\경희대\opensource\actions-runner'
[2026-04-03 20:23:10Z INFO HostContext] Well known directory 'Diag': 'C:\경희대\opensource\actions-runner\_diag'
[2026-04-03 20:23:10Z INFO JobRunner] Starting the job execution context.
[2026-04-03 20:23:10Z INFO HostContext] Well known directory 'Bin': 'C:\경희대\opensource\actions-runner\bin'
[2026-04-03 20:23:10Z INFO HostContext] Well known directory 'Root': 'C:\경희대\opensource\actions-runner'
[2026-04-03 20:23:10Z INFO HostContext] Well known directory 'Work': 'C:\경희대\opensource\actions-runner\_work'
[2026-04-03 20:23:10Z INFO JobRunner] Validating directory permissions for: 'C:\경희대\opensource\actions-runner\_work'
[2026-04-03 20:23:10Z INFO HostContext] Well known directory 'Bin': 'C:\경희대\opensource\actions-runner\bin'
[2026-04-03 20:23:10Z INFO HostContext] Well known directory 'Root': 'C:\경희대\opensource\actions-runner'
[2026-04-03 20:23:10Z INFO HostContext] Well known directory 'Work': 'C:\경희대\opensource\actions-runner\_work'
[2026-04-03 20:23:10Z INFO HostContext] Well known directory 'Tools': 'C:\경희대\opensource\actions-runner\_work\_tool'
[2026-04-03 20:23:10Z INFO HostContext] Well known directory 'Bin': 'C:\경희대\opensource\actions-runner\bin'
[2026-04-03 20:23:10Z INFO HostContext] Well known directory 'Root': 'C:\경희대\opensource\actions-runner'
[2026-04-03 20:23:10Z INFO HostContext] Well known directory 'Work': 'C:\경희대\opensource\actions-runner\_work'
[2026-04-03 20:23:10Z INFO HostContext] Well known directory 'Temp': 'C:\경희대\opensource\actions-runner\_work\_temp'
[2026-04-03 20:23:10Z INFO JobRunner] Getting job extension.
[2026-04-03 20:23:10Z INFO JobRunner] Initialize job. Getting all job steps.
[2026-04-03 20:23:10Z INFO HostContext] Well known directory 'Bin': 'C:\경희대\opensource\actions-runner\bin'
[2026-04-03 20:23:10Z INFO HostContext] Well known directory 'Root': 'C:\경희대\opensource\actions-runner'
[2026-04-03 20:23:10Z INFO HostContext] Well known directory 'Diag': 'C:\경희대\opensource\actions-runner\_diag'
[2026-04-03 20:23:10Z INFO HostContext] Well known directory 'Bin': 'C:\경희대\opensource\actions-runner\bin'
[2026-04-03 20:23:10Z INFO HostContext] Well known directory 'Root': 'C:\경희대\opensource\actions-runner'
[2026-04-03 20:23:10Z INFO HostContext] Well known directory 'Diag': 'C:\경희대\opensource\actions-runner\_diag'
[2026-04-03 20:23:10Z INFO HostContext] Well known directory 'Bin': 'C:\경희대\opensource\actions-runner\bin'
[2026-04-03 20:23:10Z INFO HostContext] Well known directory 'Root': 'C:\경희대\opensource\actions-runner'
[2026-04-03 20:23:10Z INFO HostContext] Well known config file 'Credentials': 'C:\경희대\opensource\actions-runner\.credentials'
[2026-04-03 20:23:10Z INFO HostContext] Well known directory 'Bin': 'C:\경희대\opensource\actions-runner\bin'
[2026-04-03 20:23:10Z INFO HostContext] Well known directory 'Root': 'C:\경희대\opensource\actions-runner'
[2026-04-03 20:23:10Z INFO HostContext] Well known config file 'SetupInfo': 'C:\경희대\opensource\actions-runner\.setup_info'
[2026-04-03 20:23:10Z INFO HostContext] Well known directory 'Bin': 'C:\경희대\opensource\actions-runner\bin'
[2026-04-03 20:23:10Z INFO HostContext] Well known directory 'Root': 'C:\경희대\opensource\actions-runner'
[2026-04-03 20:23:10Z INFO HostContext] Well known directory 'Work': 'C:\경희대\opensource\actions-runner\_work'
[2026-04-03 20:23:10Z INFO PipelineDirectoryManager] Loading tracking config if exists: C:\경희대\opensource\actions-runner\_work\_PipelineMapping\kwak-kwak-2/opensource_docker_project\PipelineFolder.json
[2026-04-03 20:23:10Z INFO PipelineDirectoryManager] Updating job run properties.
[2026-04-03 20:23:10Z INFO HostContext] Well known directory 'Bin': 'C:\경희대\opensource\actions-runner\bin'
[2026-04-03 20:23:10Z INFO HostContext] Well known directory 'Root': 'C:\경희대\opensource\actions-runner'
[2026-04-03 20:23:10Z INFO HostContext] Well known directory 'Work': 'C:\경희대\opensource\actions-runner\_work'
[2026-04-03 20:23:10Z INFO HostContext] Well known directory 'Bin': 'C:\경희대\opensource\actions-runner\bin'
[2026-04-03 20:23:10Z INFO HostContext] Well known directory 'Root': 'C:\경희대\opensource\actions-runner'
[2026-04-03 20:23:10Z INFO HostContext] Well known directory 'Work': 'C:\경희대\opensource\actions-runner\_work'
[2026-04-03 20:23:10Z INFO HostContext] Well known directory 'Bin': 'C:\경희대\opensource\actions-runner\bin'
[2026-04-03 20:23:10Z INFO HostContext] Well known directory 'Root': 'C:\경희대\opensource\actions-runner'
[2026-04-03 20:23:10Z INFO HostContext] Well known directory 'Work': 'C:\경희대\opensource\actions-runner\_work'
[2026-04-03 20:23:10Z INFO JobExtension] Downloading actions
[2026-04-03 20:23:10Z INFO HostContext] Well known directory 'Bin': 'C:\경희대\opensource\actions-runner\bin'
[2026-04-03 20:23:10Z INFO HostContext] Well known directory 'Root': 'C:\경희대\opensource\actions-runner'
[2026-04-03 20:23:10Z INFO HostContext] Well known directory 'Work': 'C:\경희대\opensource\actions-runner\_work'
[2026-04-03 20:23:10Z INFO HostContext] Well known directory 'Actions': 'C:\경희대\opensource\actions-runner\_work\_actions'
[2026-04-03 20:23:10Z INFO JobExtension] Adding .
[2026-04-03 20:23:10Z INFO HostContext] Well known directory 'Bin': 'C:\경희대\opensource\actions-runner\bin'
[2026-04-03 20:23:10Z INFO HostContext] Well known directory 'Root': 'C:\경희대\opensource\actions-runner'
[2026-04-03 20:23:10Z INFO HostContext] Well known directory 'Diag': 'C:\경희대\opensource\actions-runner\_diag'
[2026-04-03 20:23:10Z INFO HostContext] Well known directory 'Bin': 'C:\경희대\opensource\actions-runner\bin'
[2026-04-03 20:23:10Z INFO HostContext] Well known directory 'Root': 'C:\경희대\opensource\actions-runner'
[2026-04-03 20:23:10Z INFO HostContext] Well known directory 'Diag': 'C:\경희대\opensource\actions-runner\_diag'
[2026-04-03 20:23:10Z INFO JobExtension] Total accessible running process: 277.
[2026-04-03 20:23:10Z INFO HostContext] Well known directory 'Bin': 'C:\경희대\opensource\actions-runner\bin'
[2026-04-03 20:23:10Z INFO HostContext] Well known directory 'Root': 'C:\경희대\opensource\actions-runner'
[2026-04-03 20:23:10Z INFO HostContext] Well known directory 'Work': 'C:\경희대\opensource\actions-runner\_work'
[2026-04-03 20:23:10Z INFO JobExtension] Start checking server connectivity.
[2026-04-03 20:23:10Z INFO JobExtension] Check server connectivity for https://broker.actions.githubusercontent.com/health.
[2026-04-03 20:23:11Z INFO JobExtension] Check server connectivity for https://token.actions.githubusercontent.com/ready.
[2026-04-03 20:23:11Z INFO JobExtension] Check server connectivity for https://run.actions.githubusercontent.com/health.
[2026-04-03 20:23:11Z INFO JobExtension] Start checking service connectivity in background.
[2026-04-03 20:23:11Z INFO ExecutionContext] Publish step telemetry for current step {
  "action": "setup_job",
  "type": "runner",
  "stage": "Pre",
  "stepId": "af7fd1c9-845b-446a-b795-7142db0bf654",
  "result": "succeeded",
  "errorMessages": [],
  "executionTimeInSeconds": 1,
  "startTime": "2026-04-03T20:23:10.8068164Z",
  "finishTime": "2026-04-03T20:23:11.0266643Z"
}.
[2026-04-03 20:23:11Z INFO JobRunner] Total job steps: 1.
[2026-04-03 20:23:11Z INFO JobRunner] Run all job steps.
[2026-04-03 20:23:11Z INFO StepsRunner] Processing step: DisplayName='Deploy Container'
[2026-04-03 20:23:11Z INFO StepsRunner] Evaluating: success()
[2026-04-03 20:23:11Z INFO StepsRunner] Result: true
[2026-04-03 20:23:11Z INFO StepsRunner] Starting the step.
[2026-04-03 20:23:11Z INFO HostContext] Well known directory 'Bin': 'C:\경희대\opensource\actions-runner\bin'
[2026-04-03 20:23:11Z INFO HostContext] Well known directory 'Root': 'C:\경희대\opensource\actions-runner'
[2026-04-03 20:23:11Z INFO HostContext] Well known directory 'Work': 'C:\경희대\opensource\actions-runner\_work'
[2026-04-03 20:23:11Z INFO StepsRunner] Which2: 'chcp'
[2026-04-03 20:23:11Z INFO StepsRunner] Location: 'C:\Windows\system32\chcp.COM'
[2026-04-03 20:23:11Z INFO ProcessInvokerWrapper] Starting process:
[2026-04-03 20:23:11Z INFO ProcessInvokerWrapper]   File name: 'C:\Windows\system32\chcp.COM'
[2026-04-03 20:23:11Z INFO ProcessInvokerWrapper]   Arguments: '65001'
[2026-04-03 20:23:11Z INFO ProcessInvokerWrapper]   Working directory: 'C:\경희대\opensource\actions-runner\_work'
[2026-04-03 20:23:11Z INFO ProcessInvokerWrapper]   Require exit code zero: 'False'
[2026-04-03 20:23:11Z INFO ProcessInvokerWrapper]   Encoding web name:  ; code page: ''
[2026-04-03 20:23:11Z INFO ProcessInvokerWrapper]   Force kill process on cancellation: 'False'
[2026-04-03 20:23:11Z INFO ProcessInvokerWrapper]   Redirected STDIN: 'False'
[2026-04-03 20:23:11Z INFO ProcessInvokerWrapper]   Persist current code page: 'True'
[2026-04-03 20:23:11Z INFO ProcessInvokerWrapper]   Keep redirected STDIN open: 'False'
[2026-04-03 20:23:11Z INFO ProcessInvokerWrapper]   High priority process: 'False'
[2026-04-03 20:23:11Z INFO ProcessInvokerWrapper] Process started with process id 15528, waiting for process exit.
[2026-04-03 20:23:11Z INFO Worker] Listening for cancel message from the channel.
[2026-04-03 20:23:11Z INFO Worker] Waiting for the job to complete or for a cancel message from the channel.
[2026-04-03 20:23:11Z INFO ProcessInvokerWrapper] STDOUT/STDERR stream read finished.
[2026-04-03 20:23:11Z INFO ProcessInvokerWrapper] STDOUT/STDERR stream read finished.
[2026-04-03 20:23:11Z INFO ProcessInvokerWrapper] Finished process 15528 with exit code 0, and elapsed time 00:00:00.1405058.
[2026-04-03 20:23:11Z INFO StepsRunner] Successfully returned to code page 65001 (UTF8)
[2026-04-03 20:23:11Z INFO HostContext] Well known directory 'Bin': 'C:\경희대\opensource\actions-runner\bin'
[2026-04-03 20:23:11Z INFO HostContext] Well known directory 'Root': 'C:\경희대\opensource\actions-runner'
[2026-04-03 20:23:11Z INFO HostContext] Well known directory 'Work': 'C:\경희대\opensource\actions-runner\_work'
[2026-04-03 20:23:11Z INFO HostContext] Well known directory 'Temp': 'C:\경희대\opensource\actions-runner\_work\_temp'
[2026-04-03 20:23:11Z INFO ExecutionContext] Write event payload to C:\경희대\opensource\actions-runner\_work\_temp\_github_workflow\event.json
[2026-04-03 20:23:11Z INFO HostContext] Well known directory 'Bin': 'C:\경희대\opensource\actions-runner\bin'
[2026-04-03 20:23:11Z INFO HostContext] Well known directory 'Root': 'C:\경희대\opensource\actions-runner'
[2026-04-03 20:23:11Z INFO HostContext] Well known directory 'Work': 'C:\경희대\opensource\actions-runner\_work'
[2026-04-03 20:23:11Z INFO HostContext] Well known directory 'Temp': 'C:\경희대\opensource\actions-runner\_work\_temp'
[2026-04-03 20:23:11Z INFO ExtensionManager] Getting extensions for interface: 'GitHub.Runner.Worker.IFileCommandExtension'
[2026-04-03 20:23:11Z INFO ExtensionManager] Creating instance: GitHub.Runner.Worker.AddPathFileCommand, Runner.Worker
[2026-04-03 20:23:11Z INFO ExtensionManager] Creating instance: GitHub.Runner.Worker.SetEnvFileCommand, Runner.Worker
[2026-04-03 20:23:11Z INFO ExtensionManager] Creating instance: GitHub.Runner.Worker.CreateStepSummaryCommand, Runner.Worker
[2026-04-03 20:23:11Z INFO ExtensionManager] Creating instance: GitHub.Runner.Worker.SaveStateFileCommand, Runner.Worker
[2026-04-03 20:23:11Z INFO ExtensionManager] Creating instance: GitHub.Runner.Worker.SetOutputFileCommand, Runner.Worker
[2026-04-03 20:23:11Z INFO ExtensionManager] Getting extensions for interface: 'GitHub.Runner.Worker.IActionCommandExtension'
[2026-04-03 20:23:11Z INFO ExtensionManager] Creating instance: GitHub.Runner.Worker.InternalPluginSetRepoPathCommandExtension, Runner.Worker
[2026-04-03 20:23:11Z INFO ExtensionManager] Creating instance: GitHub.Runner.Worker.SetEnvCommandExtension, Runner.Worker
[2026-04-03 20:23:11Z INFO ExtensionManager] Creating instance: GitHub.Runner.Worker.SetOutputCommandExtension, Runner.Worker
[2026-04-03 20:23:11Z INFO ExtensionManager] Creating instance: GitHub.Runner.Worker.SaveStateCommandExtension, Runner.Worker
[2026-04-03 20:23:11Z INFO ExtensionManager] Creating instance: GitHub.Runner.Worker.AddPathCommandExtension, Runner.Worker
[2026-04-03 20:23:11Z INFO ExtensionManager] Creating instance: GitHub.Runner.Worker.AddMaskCommandExtension, Runner.Worker
[2026-04-03 20:23:11Z INFO ExtensionManager] Creating instance: GitHub.Runner.Worker.AddMatcherCommandExtension, Runner.Worker
[2026-04-03 20:23:11Z INFO ExtensionManager] Creating instance: GitHub.Runner.Worker.RemoveMatcherCommandExtension, Runner.Worker
[2026-04-03 20:23:11Z INFO ExtensionManager] Creating instance: GitHub.Runner.Worker.WarningCommandExtension, Runner.Worker
[2026-04-03 20:23:11Z INFO ExtensionManager] Creating instance: GitHub.Runner.Worker.ErrorCommandExtension, Runner.Worker
[2026-04-03 20:23:11Z INFO ExtensionManager] Creating instance: GitHub.Runner.Worker.NoticeCommandExtension, Runner.Worker
[2026-04-03 20:23:11Z INFO ExtensionManager] Creating instance: GitHub.Runner.Worker.DebugCommandExtension, Runner.Worker
[2026-04-03 20:23:11Z INFO ExtensionManager] Creating instance: GitHub.Runner.Worker.GroupCommandExtension, Runner.Worker
[2026-04-03 20:23:11Z INFO ExtensionManager] Creating instance: GitHub.Runner.Worker.EndGroupCommandExtension, Runner.Worker
[2026-04-03 20:23:11Z INFO ExtensionManager] Creating instance: GitHub.Runner.Worker.EchoCommandExtension, Runner.Worker
[2026-04-03 20:23:11Z INFO ActionCommandManager] Register action command extension for command internal-set-repo-path
[2026-04-03 20:23:11Z INFO ActionCommandManager] Register action command extension for command set-env
[2026-04-03 20:23:11Z INFO ActionCommandManager] Register action command extension for command set-output
[2026-04-03 20:23:11Z INFO ActionCommandManager] Register action command extension for command save-state
[2026-04-03 20:23:11Z INFO ActionCommandManager] Register action command extension for command add-path
[2026-04-03 20:23:11Z INFO ActionCommandManager] Register action command extension for command add-mask
[2026-04-03 20:23:11Z INFO ActionCommandManager] Register action command extension for command add-matcher
[2026-04-03 20:23:11Z INFO ActionCommandManager] Register action command extension for command remove-matcher
[2026-04-03 20:23:11Z INFO ActionCommandManager] Register action command extension for command warning
[2026-04-03 20:23:11Z INFO ActionCommandManager] Register action command extension for command error
[2026-04-03 20:23:11Z INFO ActionCommandManager] Register action command extension for command notice
[2026-04-03 20:23:11Z INFO ActionCommandManager] Register action command extension for command debug
[2026-04-03 20:23:11Z INFO ActionCommandManager] Register action command extension for command group
[2026-04-03 20:23:11Z INFO ActionCommandManager] Register action command extension for command endgroup
[2026-04-03 20:23:11Z INFO ActionCommandManager] Register action command extension for command echo
[2026-04-03 20:23:11Z INFO ScriptHandler] Which2: 'powershell'
[2026-04-03 20:23:11Z INFO ScriptHandler] Location: 'C:\Windows\System32\WindowsPowerShell\v1.0\powershell.EXE'
[2026-04-03 20:23:11Z INFO HostContext] Well known directory 'Bin': 'C:\경희대\opensource\actions-runner\bin'
[2026-04-03 20:23:11Z INFO HostContext] Well known directory 'Root': 'C:\경희대\opensource\actions-runner'
[2026-04-03 20:23:11Z INFO HostContext] Well known directory 'Work': 'C:\경희대\opensource\actions-runner\_work'
[2026-04-03 20:23:11Z INFO HostContext] Well known directory 'Temp': 'C:\경희대\opensource\actions-runner\_work\_temp'
[2026-04-03 20:23:11Z INFO ScriptHandler] Which2: 'powershell'
[2026-04-03 20:23:11Z INFO ScriptHandler] Location: 'C:\Windows\System32\WindowsPowerShell\v1.0\powershell.EXE'
[2026-04-03 20:23:11Z INFO ProcessInvokerWrapper] Starting process:
[2026-04-03 20:23:11Z INFO ProcessInvokerWrapper]   File name: 'C:\Windows\System32\WindowsPowerShell\v1.0\powershell.EXE'
[2026-04-03 20:23:11Z INFO ProcessInvokerWrapper]   Arguments: '-command ". 'C:\경희대\opensource\actions-runner\_work\_temp\94041156-e008-4766-bbbd-efd5751c095d.ps1'"'
[2026-04-03 20:23:11Z INFO ProcessInvokerWrapper]   Working directory: 'C:\경희대\opensource\actions-runner\_work\opensource_docker_project\opensource_docker_project'
[2026-04-03 20:23:11Z INFO ProcessInvokerWrapper]   Require exit code zero: 'False'
[2026-04-03 20:23:11Z INFO ProcessInvokerWrapper]   Encoding web name:  ; code page: ''
[2026-04-03 20:23:11Z INFO ProcessInvokerWrapper]   Force kill process on cancellation: 'False'
[2026-04-03 20:23:11Z INFO ProcessInvokerWrapper]   Redirected STDIN: 'False'
[2026-04-03 20:23:11Z INFO ProcessInvokerWrapper]   Persist current code page: 'True'
[2026-04-03 20:23:11Z INFO ProcessInvokerWrapper]   Keep redirected STDIN open: 'False'
[2026-04-03 20:23:11Z INFO ProcessInvokerWrapper]   High priority process: 'False'
[2026-04-03 20:23:11Z INFO ProcessInvokerWrapper] Process started with process id 11008, waiting for process exit.
[2026-04-03 20:23:11Z INFO JobServerQueue] Got a step log file to send to results service.
[2026-04-03 20:23:11Z INFO JobServerQueue] Starting upload of step log file to results service ResultsLog, C:\경희대\opensource\actions-runner\_diag\blocks\2aa086f4-782c-497a-a760-90358e50a073_af7fd1c9-845b-446a-b795-7142db0bf654.1
[2026-04-03 20:23:11Z INFO JobServerQueue] Try to upload 1 log files or attachments, success rate: 1/1.
[2026-04-03 20:23:12Z INFO ResultServer] Successfully started websocket client.
[2026-04-03 20:23:12Z INFO JobServerQueue] Try to append 1 batches web console lines for record 'af7fd1c9-845b-446a-b795-7142db0bf654', success rate: 1/1.
[2026-04-03 20:23:12Z INFO JobServerQueue] Try to append 1 batches web console lines for record 'af7fd1c9-845b-446a-b795-7142db0bf654', success rate: 1/1.
[2026-04-03 20:23:12Z INFO JobServerQueue] Try to append 1 batches web console lines for record 'b8d090a4-03cc-4e00-9e01-8742475dba6a', success rate: 1/1.
[2026-04-03 20:23:13Z INFO JobServerQueue] Job timeline record has been updated for the first time.
[2026-04-03 20:23:14Z INFO JobServerQueue] Tried to upload 1 file(s) to results, success rate: 1/1.
[2026-04-03 20:23:16Z INFO JobServerQueue] Try to append 1 batches web console lines for record 'b8d090a4-03cc-4e00-9e01-8742475dba6a', success rate: 1/1.
[2026-04-03 20:23:16Z INFO JobServerQueue] Try to append 1 batches web console lines for record 'b8d090a4-03cc-4e00-9e01-8742475dba6a', success rate: 1/1.
[2026-04-03 20:23:20Z INFO HostContext] Well known directory 'Bin': 'C:\경희대\opensource\actions-runner\bin'
[2026-04-03 20:23:20Z INFO HostContext] Well known directory 'Root': 'C:\경희대\opensource\actions-runner'
[2026-04-03 20:23:20Z INFO HostContext] Well known directory 'Work': 'C:\경희대\opensource\actions-runner\_work'
[2026-04-03 20:23:21Z INFO JobServerQueue] Try to append 1 batches web console lines for record 'b8d090a4-03cc-4e00-9e01-8742475dba6a', success rate: 1/1.
[2026-04-03 20:23:23Z INFO JobServerQueue] Try to append 1 batches web console lines for record 'b8d090a4-03cc-4e00-9e01-8742475dba6a', success rate: 1/1.
[2026-04-03 20:23:23Z INFO JobServerQueue] Try to append 1 batches web console lines for record 'b8d090a4-03cc-4e00-9e01-8742475dba6a', success rate: 1/1.
[2026-04-03 20:23:24Z INFO JobServerQueue] Try to append 1 batches web console lines for record 'b8d090a4-03cc-4e00-9e01-8742475dba6a', success rate: 1/1.
[2026-04-03 20:23:24Z INFO JobServerQueue] Try to append 1 batches web console lines for record 'b8d090a4-03cc-4e00-9e01-8742475dba6a', success rate: 1/1.
[2026-04-03 20:23:30Z INFO JobServerQueue] Try to append 1 batches web console lines for record 'b8d090a4-03cc-4e00-9e01-8742475dba6a', success rate: 1/1.
[2026-04-03 20:23:30Z INFO HostContext] Well known directory 'Bin': 'C:\경희대\opensource\actions-runner\bin'
[2026-04-03 20:23:30Z INFO HostContext] Well known directory 'Root': 'C:\경희대\opensource\actions-runner'
[2026-04-03 20:23:30Z INFO HostContext] Well known directory 'Work': 'C:\경희대\opensource\actions-runner\_work'
[2026-04-03 20:23:40Z INFO HostContext] Well known directory 'Bin': 'C:\경희대\opensource\actions-runner\bin'
[2026-04-03 20:23:40Z INFO HostContext] Well known directory 'Root': 'C:\경희대\opensource\actions-runner'
[2026-04-03 20:23:40Z INFO HostContext] Well known directory 'Work': 'C:\경희대\opensource\actions-runner\_work'
[2026-04-03 20:23:45Z INFO JobServerQueue] Try to append 1 batches web console lines for record 'b8d090a4-03cc-4e00-9e01-8742475dba6a', success rate: 1/1.
[2026-04-03 20:23:50Z INFO HostContext] Well known directory 'Bin': 'C:\경희대\opensource\actions-runner\bin'
[2026-04-03 20:23:50Z INFO HostContext] Well known directory 'Root': 'C:\경희대\opensource\actions-runner'
[2026-04-03 20:23:50Z INFO HostContext] Well known directory 'Work': 'C:\경희대\opensource\actions-runner\_work'
[2026-04-03 20:23:58Z INFO JobServerQueue] Try to append 1 batches web console lines for record 'b8d090a4-03cc-4e00-9e01-8742475dba6a', success rate: 1/1.
[2026-04-03 20:23:59Z INFO JobServerQueue] Try to append 1 batches web console lines for record 'b8d090a4-03cc-4e00-9e01-8742475dba6a', success rate: 1/1.
[2026-04-03 20:24:00Z INFO HostContext] Well known directory 'Bin': 'C:\경희대\opensource\actions-runner\bin'
[2026-04-03 20:24:00Z INFO HostContext] Well known directory 'Root': 'C:\경희대\opensource\actions-runner'
[2026-04-03 20:24:00Z INFO HostContext] Well known directory 'Work': 'C:\경희대\opensource\actions-runner\_work'
[2026-04-03 20:24:05Z INFO JobServerQueue] Try to append 1 batches web console lines for record 'b8d090a4-03cc-4e00-9e01-8742475dba6a', success rate: 1/1.
[2026-04-03 20:24:10Z INFO HostContext] Well known directory 'Bin': 'C:\경희대\opensource\actions-runner\bin'
[2026-04-03 20:24:10Z INFO HostContext] Well known directory 'Root': 'C:\경희대\opensource\actions-runner'
[2026-04-03 20:24:10Z INFO HostContext] Well known directory 'Work': 'C:\경희대\opensource\actions-runner\_work'
[2026-04-03 20:24:14Z INFO JobServerQueue] Stop aggressive process web console line queue.
[2026-04-03 20:24:20Z INFO HostContext] Well known directory 'Bin': 'C:\경희대\opensource\actions-runner\bin'
[2026-04-03 20:24:20Z INFO HostContext] Well known directory 'Root': 'C:\경희대\opensource\actions-runner'
[2026-04-03 20:24:20Z INFO HostContext] Well known directory 'Work': 'C:\경희대\opensource\actions-runner\_work'
[2026-04-03 20:24:30Z INFO HostContext] Well known directory 'Bin': 'C:\경희대\opensource\actions-runner\bin'
[2026-04-03 20:24:30Z INFO HostContext] Well known directory 'Root': 'C:\경희대\opensource\actions-runner'
[2026-04-03 20:24:30Z INFO HostContext] Well known directory 'Work': 'C:\경희대\opensource\actions-runner\_work'
[2026-04-03 20:24:41Z INFO HostContext] Well known directory 'Bin': 'C:\경희대\opensource\actions-runner\bin'
[2026-04-03 20:24:41Z INFO HostContext] Well known directory 'Root': 'C:\경희대\opensource\actions-runner'
[2026-04-03 20:24:41Z INFO HostContext] Well known directory 'Work': 'C:\경희대\opensource\actions-runner\_work'
[2026-04-03 20:24:45Z INFO JobServerQueue] Try to append 1 batches web console lines for record 'b8d090a4-03cc-4e00-9e01-8742475dba6a', success rate: 1/1.
[2026-04-03 20:24:51Z INFO HostContext] Well known directory 'Bin': 'C:\경희대\opensource\actions-runner\bin'
[2026-04-03 20:24:51Z INFO HostContext] Well known directory 'Root': 'C:\경희대\opensource\actions-runner'
[2026-04-03 20:24:51Z INFO HostContext] Well known directory 'Work': 'C:\경희대\opensource\actions-runner\_work'
[2026-04-03 20:25:01Z INFO HostContext] Well known directory 'Bin': 'C:\경희대\opensource\actions-runner\bin'
[2026-04-03 20:25:01Z INFO HostContext] Well known directory 'Root': 'C:\경희대\opensource\actions-runner'
[2026-04-03 20:25:01Z INFO HostContext] Well known directory 'Work': 'C:\경희대\opensource\actions-runner\_work'
[2026-04-03 20:25:08Z INFO JobServerQueue] Try to append 1 batches web console lines for record 'b8d090a4-03cc-4e00-9e01-8742475dba6a', success rate: 1/1.
[2026-04-03 20:25:11Z INFO HostContext] Well known directory 'Bin': 'C:\경희대\opensource\actions-runner\bin'
[2026-04-03 20:25:11Z INFO HostContext] Well known directory 'Root': 'C:\경희대\opensource\actions-runner'
[2026-04-03 20:25:11Z INFO HostContext] Well known directory 'Work': 'C:\경희대\opensource\actions-runner\_work'
[2026-04-03 20:25:11Z INFO JobServerQueue] Try to append 1 batches web console lines for record 'b8d090a4-03cc-4e00-9e01-8742475dba6a', success rate: 1/1.
[2026-04-03 20:25:14Z INFO ProcessInvokerWrapper] STDOUT/STDERR stream read finished.
[2026-04-03 20:25:14Z INFO ProcessInvokerWrapper] STDOUT/STDERR stream read finished.
[2026-04-03 20:25:14Z INFO ProcessInvokerWrapper] Finished process 11008 with exit code 0, and elapsed time 00:02:02.8199302.
[2026-04-03 20:25:14Z INFO CreateStepSummaryCommand] Step Summary file (C:\경희대\opensource\actions-runner\_work\_temp\_runner_file_commands\step_summary_d86570b7-41bd-432b-8367-a2deb860d915) is empty; skipping attachment upload
[2026-04-03 20:25:14Z INFO StepsRunner] Step result: 
[2026-04-03 20:25:14Z INFO ExecutionContext] Publish step telemetry for current step {
  "action": "powershell",
  "type": "run",
  "stage": "Main",
  "stepId": "b8d090a4-03cc-4e00-9e01-8742475dba6a",
  "stepContextName": "__run",
  "result": "succeeded",
  "errorMessages": [],
  "executionTimeInSeconds": 124,
  "startTime": "2026-04-03T20:23:11.0658564Z",
  "finishTime": "2026-04-03T20:25:14.2045185Z"
}.
[2026-04-03 20:25:14Z INFO StepsRunner] No need for updating job result with current step result 'Succeeded'.
[2026-04-03 20:25:14Z INFO StepsRunner] Current state: job state = ''
[2026-04-03 20:25:14Z INFO JobRunner] Finalize job.
[2026-04-03 20:25:14Z INFO HostContext] Well known directory 'Bin': 'C:\경희대\opensource\actions-runner\bin'
[2026-04-03 20:25:14Z INFO HostContext] Well known directory 'Root': 'C:\경희대\opensource\actions-runner'
[2026-04-03 20:25:14Z INFO HostContext] Well known directory 'Diag': 'C:\경희대\opensource\actions-runner\_diag'
[2026-04-03 20:25:14Z INFO HostContext] Well known directory 'Bin': 'C:\경희대\opensource\actions-runner\bin'
[2026-04-03 20:25:14Z INFO HostContext] Well known directory 'Root': 'C:\경희대\opensource\actions-runner'
[2026-04-03 20:25:14Z INFO HostContext] Well known directory 'Diag': 'C:\경희대\opensource\actions-runner\_diag'
[2026-04-03 20:25:14Z INFO JobExtension] Initialize Env context
[2026-04-03 20:25:14Z INFO JobExtension] Initialize steps context
[2026-04-03 20:25:14Z INFO JobExtension] Total accessible running process: 270.
[2026-04-03 20:25:14Z INFO JobExtension] Wait for all connectivity checks to finish.
[2026-04-03 20:25:14Z INFO JobExtension] Connectivity check result: GitHub.Runner.Worker.JobExtension+CheckResult
[2026-04-03 20:25:14Z INFO JobExtension] Connectivity check result: GitHub.Runner.Worker.JobExtension+CheckResult
[2026-04-03 20:25:14Z INFO JobExtension] Connectivity check result: GitHub.Runner.Worker.JobExtension+CheckResult
[2026-04-03 20:25:14Z INFO ExecutionContext] Publish step telemetry for current step {
  "action": "complete_job",
  "type": "runner",
  "stage": "Post",
  "stepId": "d9ef382c-40da-4f15-a99f-431622a84553",
  "result": "succeeded",
  "errorMessages": [],
  "executionTimeInSeconds": 1,
  "startTime": "2026-04-03T20:25:14.2334353Z",
  "finishTime": "2026-04-03T20:25:14.2752096Z"
}.
[2026-04-03 20:25:14Z INFO JobRunner] Job result after all job steps finish: Succeeded
[2026-04-03 20:25:14Z INFO JobRunner] Completing the job execution context.
[2026-04-03 20:25:14Z INFO JobRunner] Shutting down the job server queue.
[2026-04-03 20:25:14Z INFO JobServerQueue] Fire signal to shutdown all queues.
[2026-04-03 20:25:15Z INFO JobServerQueue] All queue process task stopped.
[2026-04-03 20:25:15Z INFO JobServerQueue] Try to append 1 batches web console lines for record 'd9ef382c-40da-4f15-a99f-431622a84553', success rate: 1/1.
[2026-04-03 20:25:15Z INFO JobServerQueue] Web console line queue drained.
[2026-04-03 20:25:15Z INFO JobServerQueue] Uploading 3 files in one shot.
[2026-04-03 20:25:15Z INFO JobServerQueue] Try to upload 3 log files or attachments, success rate: 3/3.
[2026-04-03 20:25:15Z INFO JobServerQueue] File upload queue drained.
[2026-04-03 20:25:15Z INFO JobServerQueue] Starting results-based upload queue...
[2026-04-03 20:25:15Z INFO JobServerQueue] Uploading 3 file(s) in one shot through results service.
[2026-04-03 20:25:15Z INFO JobServerQueue] Got a step log file to send to results service.
[2026-04-03 20:25:15Z INFO JobServerQueue] Starting upload of step log file to results service ResultsLog, C:\경희대\opensource\actions-runner\_diag\blocks\2aa086f4-782c-497a-a760-90358e50a073_b8d090a4-03cc-4e00-9e01-8742475dba6a.1
[2026-04-03 20:25:17Z INFO JobServerQueue] Got a step log file to send to results service.
[2026-04-03 20:25:17Z INFO JobServerQueue] Starting upload of step log file to results service ResultsLog, C:\경희대\opensource\actions-runner\_diag\blocks\2aa086f4-782c-497a-a760-90358e50a073_d9ef382c-40da-4f15-a99f-431622a84553.1
[2026-04-03 20:25:18Z INFO JobServerQueue] Got a job log file to send to results service.
[2026-04-03 20:25:18Z INFO JobServerQueue] Starting upload of job log file to results service ResultsLog, C:\경희대\opensource\actions-runner\_diag\blocks\2aa086f4-782c-497a-a760-90358e50a073_09ce4930-f001-510d-9961-18ce14a60f35.1
[2026-04-03 20:25:18Z INFO JobServerQueue] Tried to upload 3 file(s) to results, success rate: 3/3.
[2026-04-03 20:25:18Z INFO JobServerQueue] Results upload queue drained.
[2026-04-03 20:25:19Z INFO JobServerQueue] Timeline update queue drained.
[2026-04-03 20:25:19Z INFO JobServerQueue] Disposing job server ...
[2026-04-03 20:25:19Z INFO JobServerQueue] Disposing results server ...
[2026-04-03 20:25:19Z INFO JobServerQueue] All queue process tasks have been stopped, and all queues are drained.
[2026-04-03 20:25:19Z INFO TempDirectoryManager] Cleaning runner temp folder: C:\경희대\opensource\actions-runner\_work\_temp
[2026-04-03 20:25:19Z INFO HostContext] Well known directory 'Bin': 'C:\경희대\opensource\actions-runner\bin'
[2026-04-03 20:25:19Z INFO HostContext] Well known directory 'Root': 'C:\경희대\opensource\actions-runner'
[2026-04-03 20:25:19Z INFO HostContext] Well known directory 'Diag': 'C:\경희대\opensource\actions-runner\_diag'
[2026-04-03 20:25:19Z INFO HostContext] Well known config file 'Telemetry': 'C:\경희대\opensource\actions-runner\_diag\.telemetry'
[2026-04-03 20:25:19Z INFO JobRunner] Raising job completed against run service
[2026-04-03 20:25:20Z INFO Worker] Job completed.
